# JRE version: OpenJDK Runtime Environment Temurin-17.0.10+7 (17.0.10+7) (build 17.0.10+7)
# Java VM: OpenJDK 64-Bit Server VM Temurin-17.0.10+7 (17.0.10+7, mixed mode, emulated-client, tiered, compressed oops, compressed class ptrs, g1 gc, windows-amd64)
GC Precious Log:
 CPUs: 6 total, 6 available
 Memory: 32424M
 Large Page Support: Disabled
 NUMA Support: Disabled
 Compressed Oops: Enabled (32-bit)
 Heap Region Size: 1M
 Heap Min Capacity: 8M
 Heap Initial Capacity: 508M
 Heap Max Capacity: 1G
 Pre-touch: Disabled
 Parallel Workers: 6
 Concurrent Workers: 2
 Concurrent Refinement Workers: 6
 Periodic GC: Disabled
Heap:
 garbage-first heap   total 78848K, used 24835K [0x00000000c0000000, 0x0000000100000000)
  region size 1024K, 1 young (1024K), 0 survivors (0K)
 Metaspace       used 39313K, committed 39872K, reserved 1114112K
  class space    used 5200K, committed 5440K, reserved 1048576K
GC Heap History (20 events):
Event: 28918.707 GC heap before
{Heap before GC invocations=2792 (full 2784):
 garbage-first heap   total 78848K, used 24835K [0x00000000c0000000, 0x0000000100000000)
  region size 1024K, 1 young (1024K), 0 survivors (0K)
 Metaspace       used 39313K, committed 39872K, reserved 1114112K
  class space    used 5200K, committed 5440K, reserved 1048576K
}
Event: 28918.731 GC heap after
{Heap after GC invocations=2793 (full 2785):
 garbage-first heap   total 78848K, used 24835K [0x00000000c0000000, 0x0000000100000000)
  region size 1024K, 0 young (0K), 0 survivors (0K)
 Metaspace       used 39313K, committed 39872K, reserved 1114112K
  class space    used 5200K, committed 5440K, reserved 1048576K
}
Event: 28929.110 GC heap before
{Heap before GC invocations=2793 (full 2785):
 garbage-first heap   total 78848K, used 24835K [0x00000000c0000000, 0x0000000100000000)
  region size 1024K, 1 young (1024K), 0 survivors (0K)
 Metaspace       used 39313K, committed 39872K, reserved 1114112K
  class space    used 5200K, committed 5440K, reserved 1048576K
}
Event: 28929.131 GC heap after
{Heap after GC invocations=2794 (full 2786):
 garbage-first heap   total 78848K, used 24835K [0x00000000c0000000, 0x0000000100000000)
  region size 1024K, 0 young (0K), 0 survivors (0K)
 Metaspace       used 39313K, committed 39872K, reserved 1114112K
  class space    used 5200K, committed 5440K, reserved 1048576K
}
Event: 28939.510 GC heap before
{Heap before GC invocations=2794 (full 2786):
 garbage-first heap   total 78848K, used 24835K [0x00000000c0000000, 0x0000000100000000)
  region size 1024K, 1 young (1024K), 0 survivors (0K)
 Metaspace       used 39313K, committed 39872K, reserved 1114112K
  class space    used 5200K, committed 5440K, reserved 1048576K
}
Event: 28939.531 GC heap after
{Heap after GC invocations=2795 (full 2787):
 garbage-first heap   total 78848K, used 24835K [0x00000000c0000000, 0x0000000100000000)
  region size 1024K, 0 young (0K), 0 survivors (0K)
 Metaspace       used 39313K, committed 39872K, reserved 1114112K
  class space    used 5200K, committed 5440K, reserved 1048576K
}
Event: 28949.931 GC heap before
{Heap before GC invocations=2795 (full 2787):
 garbage-first heap   total 78848K, used 24835K [0x00000000c0000000, 0x0000000100000000)
  region size 1024K, 1 young (1024K), 0 survivors (0K)
 Metaspace       used 39313K, committed 39872K, reserved 1114112K
  class space    used 5200K, committed 5440K, reserved 1048576K
}
Event: 28949.949 GC heap after
{Heap after GC invocations=2796 (full 2788):
 garbage-first heap   total 78848K, used 24835K [0x00000000c0000000, 0x0000000100000000)
  region size 1024K, 0 young (0K), 0 survivors (0K)
 Metaspace       used 39313K, committed 39872K, reserved 1114112K
  class space    used 5200K, committed 5440K, reserved 1048576K
}
Event: 28960.278 GC heap before
{Heap before GC invocations=2796 (full 2788):
 garbage-first heap   total 78848K, used 24835K [0x00000000c0000000, 0x0000000100000000)
  region size 1024K, 1 young (1024K), 0 survivors (0K)
 Metaspace       used 39313K, committed 39872K, reserved 1114112K
  class space    used 5200K, committed 5440K, reserved 1048576K
}
Event: 28960.297 GC heap after
{Heap after GC invocations=2797 (full 2789):
 garbage-first heap   total 78848K, used 24835K [0x00000000c0000000, 0x0000000100000000)
  region size 1024K, 0 young (0K), 0 survivors (0K)
 Metaspace       used 39313K, committed 39872K, reserved 1114112K
  class space    used 5200K, committed 5440K, reserved 1048576K
}
Event: 28970.673 GC heap before
{Heap before GC invocations=2797 (full 2789):
 garbage-first heap   total 78848K, used 24835K [0x00000000c0000000, 0x0000000100000000)
  region size 1024K, 1 young (1024K), 0 survivors (0K)
 Metaspace       used 39313K, committed 39872K, reserved 1114112K
  class space    used 5200K, committed 5440K, reserved 1048576K
}
Event: 28970.689 GC heap after
{Heap after GC invocations=2798 (full 2790):
 garbage-first heap   total 78848K, used 24835K [0x00000000c0000000, 0x0000000100000000)
  region size 1024K, 0 young (0K), 0 survivors (0K)
 Metaspace       used 39313K, committed 39872K, reserved 1114112K
  class space    used 5200K, committed 5440K, reserved 1048576K
}
Event: 28981.100 GC heap before
{Heap before GC invocations=2798 (full 2790):
 garbage-first heap   total 78848K, used 24835K [0x00000000c0000000, 0x0000000100000000)
  region size 1024K, 1 young (1024K), 0 survivors (0K)
 Metaspace       used 39313K, committed 39872K, reserved 1114112K
  class space    used 5200K, committed 5440K, reserved 1048576K
}
Event: 28981.122 GC heap after
{Heap after GC invocations=2799 (full 2791):
 garbage-first heap   total 78848K, used 24835K [0x00000000c0000000, 0x0000000100000000)
  region size 1024K, 0 young (0K), 0 survivors (0K)
 Metaspace       used 39313K, committed 39872K, reserved 1114112K
  class space    used 5200K, committed 5440K, reserved 1048576K
}
Event: 28991.516 GC heap before
{Heap before GC invocations=2799 (full 2791):
 garbage-first heap   total 78848K, used 24835K [0x00000000c0000000, 0x0000000100000000)
  region size 1024K, 1 young (1024K), 0 survivors (0K)
 Metaspace       used 39313K, committed 39872K, reserved 1114112K
  class space    used 5200K, committed 5440K, reserved 1048576K
}
Event: 28991.534 GC heap after
{Heap after GC invocations=2800 (full 2792):
 garbage-first heap   total 78848K, used 24835K [0x00000000c0000000, 0x0000000100000000)
  region size 1024K, 0 young (0K), 0 survivors (0K)
 Metaspace       used 39313K, committed 39872K, reserved 1114112K
  class space    used 5200K, committed 5440K, reserved 1048576K
}
Event: 29001.908 GC heap before
{Heap before GC invocations=2800 (full 2792):
 garbage-first heap   total 78848K, used 24835K [0x00000000c0000000, 0x0000000100000000)
  region size 1024K, 1 young (1024K), 0 survivors (0K)
 Metaspace       used 39313K, committed 39872K, reserved 1114112K
  class space    used 5200K, committed 5440K, reserved 1048576K
}
Event: 29001.929 GC heap after
{Heap after GC invocations=2801 (full 2793):
 garbage-first heap   total 78848K, used 24835K [0x00000000c0000000, 0x0000000100000000)
  region size 1024K, 0 young (0K), 0 survivors (0K)
 Metaspace       used 39313K, committed 39872K, reserved 1114112K
  class space    used 5200K, committed 5440K, reserved 1048576K
}
Event: 29012.299 GC heap before
{Heap before GC invocations=2801 (full 2793):
 garbage-first heap   total 78848K, used 24835K [0x00000000c0000000, 0x0000000100000000)
  region size 1024K, 1 young (1024K), 0 survivors (0K)
 Metaspace       used 39313K, committed 39872K, reserved 1114112K
  class space    used 5200K, committed 5440K, reserved 1048576K
}
Event: 29012.322 GC heap after
{Heap after GC invocations=2802 (full 2794):
 garbage-first heap   total 78848K, used 24835K [0x00000000c0000000, 0x0000000100000000)
  region size 1024K, 0 young (0K), 0 survivors (0K)
 Metaspace       used 39313K, committed 39872K, reserved 1114112K
  class space    used 5200K, committed 5440K, reserved 1048576K
}

