# JRE version: OpenJDK Runtime Environment Temurin-17.0.10+7 (17.0.10+7) (build 17.0.10+7)
# Java VM: OpenJDK 64-Bit Server VM Temurin-17.0.10+7 (17.0.10+7, mixed mode, emulated-client, tiered, compressed oops, compressed class ptrs, g1 gc, windows-amd64)
GC Precious Log:
 CPUs: 6 total, 6 available
 Memory: 32424M
 Large Page Support: Disabled
 NUMA Support: Disabled
 Compressed Oops: Enabled (32-bit)
 Heap Region Size: 1M
 Heap Min Capacity: 8M
 Heap Initial Capacity: 508M
 Heap Max Capacity: 1G
 Pre-touch: Disabled
 Parallel Workers: 6
 Concurrent Workers: 2
 Concurrent Refinement Workers: 6
 Periodic GC: Disabled
Heap:
 garbage-first heap   total 86016K, used 24844K [0x00000000c0000000, 0x0000000100000000)
  region size 1024K, 1 young (1024K), 0 survivors (0K)
 Metaspace       used 39327K, committed 39872K, reserved 1114112K
  class space    used 5199K, committed 5440K, reserved 1048576K
GC Heap History (20 events):
Event: 146391.307 GC heap before
{Heap before GC invocations=13977 (full 13967):
 garbage-first heap   total 86016K, used 24844K [0x00000000c0000000, 0x0000000100000000)
  region size 1024K, 1 young (1024K), 0 survivors (0K)
 Metaspace       used 39327K, committed 39872K, reserved 1114112K
  class space    used 5199K, committed 5440K, reserved 1048576K
}
Event: 146391.325 GC heap after
{Heap after GC invocations=13978 (full 13968):
 garbage-first heap   total 86016K, used 24844K [0x00000000c0000000, 0x0000000100000000)
  region size 1024K, 0 young (0K), 0 survivors (0K)
 Metaspace       used 39327K, committed 39872K, reserved 1114112K
  class space    used 5199K, committed 5440K, reserved 1048576K
}
Event: 146401.695 GC heap before
{Heap before GC invocations=13978 (full 13968):
 garbage-first heap   total 86016K, used 24844K [0x00000000c0000000, 0x0000000100000000)
  region size 1024K, 1 young (1024K), 0 survivors (0K)
 Metaspace       used 39327K, committed 39872K, reserved 1114112K
  class space    used 5199K, committed 5440K, reserved 1048576K
}
Event: 146401.714 GC heap after
{Heap after GC invocations=13979 (full 13969):
 garbage-first heap   total 86016K, used 24844K [0x00000000c0000000, 0x0000000100000000)
  region size 1024K, 0 young (0K), 0 survivors (0K)
 Metaspace       used 39327K, committed 39872K, reserved 1114112K
  class space    used 5199K, committed 5440K, reserved 1048576K
}
Event: 146412.057 GC heap before
{Heap before GC invocations=13979 (full 13969):
 garbage-first heap   total 86016K, used 24844K [0x00000000c0000000, 0x0000000100000000)
  region size 1024K, 1 young (1024K), 0 survivors (0K)
 Metaspace       used 39327K, committed 39872K, reserved 1114112K
  class space    used 5199K, committed 5440K, reserved 1048576K
}
Event: 146412.077 GC heap after
{Heap after GC invocations=13980 (full 13970):
 garbage-first heap   total 86016K, used 24844K [0x00000000c0000000, 0x0000000100000000)
  region size 1024K, 0 young (0K), 0 survivors (0K)
 Metaspace       used 39327K, committed 39872K, reserved 1114112K
  class space    used 5199K, committed 5440K, reserved 1048576K
}
Event: 146422.384 GC heap before
{Heap before GC invocations=13980 (full 13970):
 garbage-first heap   total 86016K, used 24844K [0x00000000c0000000, 0x0000000100000000)
  region size 1024K, 1 young (1024K), 0 survivors (0K)
 Metaspace       used 39327K, committed 39872K, reserved 1114112K
  class space    used 5199K, committed 5440K, reserved 1048576K
}
Event: 146422.402 GC heap after
{Heap after GC invocations=13981 (full 13971):
 garbage-first heap   total 86016K, used 24844K [0x00000000c0000000, 0x0000000100000000)
  region size 1024K, 0 young (0K), 0 survivors (0K)
 Metaspace       used 39327K, committed 39872K, reserved 1114112K
  class space    used 5199K, committed 5440K, reserved 1048576K
}
Event: 146432.708 GC heap before
{Heap before GC invocations=13981 (full 13971):
 garbage-first heap   total 86016K, used 24844K [0x00000000c0000000, 0x0000000100000000)
  region size 1024K, 1 young (1024K), 0 survivors (0K)
 Metaspace       used 39327K, committed 39872K, reserved 1114112K
  class space    used 5199K, committed 5440K, reserved 1048576K
}
Event: 146432.732 GC heap after
{Heap after GC invocations=13982 (full 13972):
 garbage-first heap   total 86016K, used 24844K [0x00000000c0000000, 0x0000000100000000)
  region size 1024K, 0 young (0K), 0 survivors (0K)
 Metaspace       used 39327K, committed 39872K, reserved 1114112K
  class space    used 5199K, committed 5440K, reserved 1048576K
}
Event: 146443.045 GC heap before
{Heap before GC invocations=13982 (full 13972):
 garbage-first heap   total 86016K, used 24844K [0x00000000c0000000, 0x0000000100000000)
  region size 1024K, 1 young (1024K), 0 survivors (0K)
 Metaspace       used 39327K, committed 39872K, reserved 1114112K
  class space    used 5199K, committed 5440K, reserved 1048576K
}
Event: 146443.062 GC heap after
{Heap after GC invocations=13983 (full 13973):
 garbage-first heap   total 86016K, used 24844K [0x00000000c0000000, 0x0000000100000000)
  region size 1024K, 0 young (0K), 0 survivors (0K)
 Metaspace       used 39327K, committed 39872K, reserved 1114112K
  class space    used 5199K, committed 5440K, reserved 1048576K
}
Event: 146453.401 GC heap before
{Heap before GC invocations=13983 (full 13973):
 garbage-first heap   total 86016K, used 24844K [0x00000000c0000000, 0x0000000100000000)
  region size 1024K, 1 young (1024K), 0 survivors (0K)
 Metaspace       used 39327K, committed 39872K, reserved 1114112K
  class space    used 5199K, committed 5440K, reserved 1048576K
}
Event: 146453.415 GC heap after
{Heap after GC invocations=13984 (full 13974):
 garbage-first heap   total 86016K, used 24844K [0x00000000c0000000, 0x0000000100000000)
  region size 1024K, 0 young (0K), 0 survivors (0K)
 Metaspace       used 39327K, committed 39872K, reserved 1114112K
  class space    used 5199K, committed 5440K, reserved 1048576K
}
Event: 146463.784 GC heap before
{Heap before GC invocations=13984 (full 13974):
 garbage-first heap   total 86016K, used 24844K [0x00000000c0000000, 0x0000000100000000)
  region size 1024K, 1 young (1024K), 0 survivors (0K)
 Metaspace       used 39327K, committed 39872K, reserved 1114112K
  class space    used 5199K, committed 5440K, reserved 1048576K
}
Event: 146463.804 GC heap after
{Heap after GC invocations=13985 (full 13975):
 garbage-first heap   total 86016K, used 24844K [0x00000000c0000000, 0x0000000100000000)
  region size 1024K, 0 young (0K), 0 survivors (0K)
 Metaspace       used 39327K, committed 39872K, reserved 1114112K
  class space    used 5199K, committed 5440K, reserved 1048576K
}
Event: 146474.155 GC heap before
{Heap before GC invocations=13985 (full 13975):
 garbage-first heap   total 86016K, used 24844K [0x00000000c0000000, 0x0000000100000000)
  region size 1024K, 1 young (1024K), 0 survivors (0K)
 Metaspace       used 39327K, committed 39872K, reserved 1114112K
  class space    used 5199K, committed 5440K, reserved 1048576K
}
Event: 146474.173 GC heap after
{Heap after GC invocations=13986 (full 13976):
 garbage-first heap   total 86016K, used 24844K [0x00000000c0000000, 0x0000000100000000)
  region size 1024K, 0 young (0K), 0 survivors (0K)
 Metaspace       used 39327K, committed 39872K, reserved 1114112K
  class space    used 5199K, committed 5440K, reserved 1048576K
}
Event: 146484.550 GC heap before
{Heap before GC invocations=13986 (full 13976):
 garbage-first heap   total 86016K, used 24844K [0x00000000c0000000, 0x0000000100000000)
  region size 1024K, 1 young (1024K), 0 survivors (0K)
 Metaspace       used 39327K, committed 39872K, reserved 1114112K
  class space    used 5199K, committed 5440K, reserved 1048576K
}
Event: 146484.568 GC heap after
{Heap after GC invocations=13987 (full 13977):
 garbage-first heap   total 86016K, used 24844K [0x00000000c0000000, 0x0000000100000000)
  region size 1024K, 0 young (0K), 0 survivors (0K)
 Metaspace       used 39327K, committed 39872K, reserved 1114112K
  class space    used 5199K, committed 5440K, reserved 1048576K
}

